<?xml version="1.0" encoding="UTF-8"?>
<!-- Generated by org.testng.reporters.JUnitReportReporter -->
<testsuite hostname="DESKTOP-RE3DM9I" failures="0" tests="3" name="Testcases.MessagePageTest" time="819.850" errors="0" timestamp="2021-04-20T13:47:21 IST" skipped="0">
  <testcase classname="Testcases.MessagePageTest" name="SendPushNotificationInMessageSection" time="282.817"/>
  <testcase classname="Testcases.MessagePageTest" name="SendSMSInMessageSection" time="274.489"/>
  <testcase classname="Testcases.MessagePageTest" name="SendEmailInMessageSection" time="262.544"/>
</testsuite> <!-- Testcases.MessagePageTest -->
