<?xml version="1.0" encoding="UTF-8"?>
<!-- Generated by org.testng.reporters.JUnitReportReporter -->
<testsuite hostname="DESKTOP-RE3DM9I" failures="0" tests="1" name="Testcases.AddInClinicAppointmentTest" time="298.227" errors="0" timestamp="2021-04-14T18:10:30 IST" skipped="0">
  <testcase classname="Testcases.AddInClinicAppointmentTest" name="SetInClinicTimingsTest" time="298.227"/>
</testsuite> <!-- Testcases.AddInClinicAppointmentTest -->
