<?xml version="1.0" encoding="UTF-8"?>
<!-- Generated by org.testng.reporters.JUnitReportReporter -->
<testsuite hostname="DESKTOP-RE3DM9I" failures="0" tests="3" name="Testcases.NotificationTest" time="613.431" errors="0" timestamp="2021-04-14T17:20:58 IST" skipped="0">
  <testcase classname="Testcases.NotificationTest" name="UnreadNotification" time="195.264"/>
  <testcase classname="Testcases.NotificationTest" name="MarkAllNotificationAsRead" time="205.609"/>
  <testcase classname="Testcases.NotificationTest" name="SelectNotification" time="212.558"/>
</testsuite> <!-- Testcases.NotificationTest -->
