<?xml version="1.0" encoding="UTF-8"?>
<!-- Generated by org.testng.reporters.JUnitReportReporter -->
<testsuite hostname="DESKTOP-RE3DM9I" failures="0" tests="3" name="Testcases.MessagePageTest" time="733.982" errors="0" timestamp="2021-04-14T16:07:04 IST" skipped="0">
  <testcase classname="Testcases.MessagePageTest" name="SendPushNotificationInMessageSection" time="241.787"/>
  <testcase classname="Testcases.MessagePageTest" name="SendSMSInMessageSection" time="247.697"/>
  <testcase classname="Testcases.MessagePageTest" name="SendEmailInMessageSection" time="244.498"/>
</testsuite> <!-- Testcases.MessagePageTest -->
