<?xml version="1.0" encoding="UTF-8"?>
<!-- Generated by org.testng.reporters.JUnitReportReporter -->
<testsuite hostname="DESKTOP-RE3DM9I" failures="0" tests="1" name="Testcases.AddInClinicAppointmentTest" time="304.459" errors="0" timestamp="2021-03-31T15:38:29 IST" skipped="0">
  <testcase classname="Testcases.AddInClinicAppointmentTest" name="SetInClinicTimingsTest" time="304.459"/>
</testsuite> <!-- Testcases.AddInClinicAppointmentTest -->
