<?xml version="1.0" encoding="UTF-8"?>
<!-- Generated by org.testng.reporters.JUnitReportReporter -->
<testsuite hostname="DESKTOP-RE3DM9I" failures="0" tests="3" name="Testcases.AboutPageTest" time="491.654" errors="0" timestamp="2021-04-20T10:53:29 IST" skipped="0">
  <testcase classname="Testcases.AboutPageTest" name="AboutDronaPageTest" time="169.356"/>
  <testcase classname="Testcases.AboutPageTest" name="PrivacyPolicyPageTest" time="168.628"/>
  <testcase classname="Testcases.AboutPageTest" name="TermsOfUsePageTest" time="153.670"/>
</testsuite> <!-- Testcases.AboutPageTest -->
