<?xml version="1.0" encoding="UTF-8"?>
<!-- Generated by org.testng.reporters.JUnitReportReporter -->
<testsuite hostname="DESKTOP-RE3DM9I" failures="0" tests="1" name="Testcases.SetUpVirtualConsultTimingTest" time="190.737" errors="0" timestamp="2021-03-24T19:16:05 IST" skipped="0">
  <testcase classname="Testcases.SetUpVirtualConsultTimingTest" name="SetUpVirtualConsultTimingsTest" time="190.737"/>
</testsuite> <!-- Testcases.SetUpVirtualConsultTimingTest -->
