<?xml version="1.0" encoding="UTF-8"?>
<!-- Generated by org.testng.reporters.JUnitReportReporter -->
<testsuite hostname="DESKTOP-RE3DM9I" failures="0" tests="1" name="Testcases.FilesPageTest" time="275.137" errors="0" timestamp="2021-06-22T15:20:06 IST" skipped="0">
  <testcase classname="Testcases.FilesPageTest" name="AddFileTest" time="275.137"/>
</testsuite> <!-- Testcases.FilesPageTest -->
