<?xml version="1.0" encoding="UTF-8"?>
<!-- Generated by org.testng.reporters.JUnitReportReporter -->
<testsuite hostname="DESKTOP-RE3DM9I" failures="0" tests="2" name="Testcases.SetUpUPIandBankDetailsTest" time="365.077" errors="0" timestamp="2021-04-05T14:35:57 IST" skipped="0">
  <testcase classname="Testcases.SetUpUPIandBankDetailsTest" name="SetInClinicTimingsTest" time="184.729"/>
  <testcase classname="Testcases.SetUpUPIandBankDetailsTest" name="SetUPIdetailsTest" time="180.348"/>
</testsuite> <!-- Testcases.SetUpUPIandBankDetailsTest -->
