<?xml version="1.0" encoding="UTF-8"?>
<!-- Generated by org.testng.reporters.JUnitReportReporter -->
<testsuite hostname="DESKTOP-RE3DM9I" failures="0" tests="1" name="Testcases.AddVirtualConsultationTest" time="299.208" errors="0" timestamp="2021-04-15T14:20:31 IST" skipped="0">
  <testcase classname="Testcases.AddVirtualConsultationTest" name="SetVirtualConsultationTimingsTest" time="299.208"/>
</testsuite> <!-- Testcases.AddVirtualConsultationTest -->
