<?xml version="1.0" encoding="UTF-8"?>
<!-- Generated by org.testng.reporters.JUnitReportReporter -->
<testsuite hostname="DESKTOP-RE3DM9I" failures="0" tests="3" name="Testcases.MessagePageTest" time="819.948" errors="0" timestamp="2021-05-12T14:03:26 IST" skipped="0">
  <testcase classname="Testcases.MessagePageTest" name="SendPushNotificationInMessageSection" time="270.272"/>
  <testcase classname="Testcases.MessagePageTest" name="SendSMSInMessageSection" time="266.125"/>
  <testcase classname="Testcases.MessagePageTest" name="SendEmailInMessageSection" time="283.551"/>
</testsuite> <!-- Testcases.MessagePageTest -->
