<?xml version="1.0" encoding="UTF-8"?>
<!-- Generated by org.testng.reporters.JUnitReportReporter -->
<testsuite hostname="DESKTOP-RE3DM9I" failures="0" tests="1" name="Testcases.PreviewRxPageTest" time="351.179" errors="0" timestamp="2021-07-22T15:12:56 IST" skipped="0">
  <testcase classname="Testcases.PreviewRxPageTest" name="PreviewRxPage" time="351.179"/>
</testsuite> <!-- Testcases.PreviewRxPageTest -->
