<?xml version="1.0" encoding="UTF-8"?>
<!-- Generated by org.testng.reporters.JUnitReportReporter -->
<testsuite hostname="DESKTOP-RE3DM9I" failures="0" tests="3" name="Testcases.NotificationTest" time="615.503" errors="0" timestamp="2021-04-15T10:34:26 IST" skipped="0">
  <testcase classname="Testcases.NotificationTest" name="UnreadNotification" time="195.463"/>
  <testcase classname="Testcases.NotificationTest" name="MarkAllNotificationAsRead" time="207.437"/>
  <testcase classname="Testcases.NotificationTest" name="SelectNotification" time="212.603"/>
</testsuite> <!-- Testcases.NotificationTest -->
