<?xml version="1.0" encoding="UTF-8"?>
<!-- Generated by org.testng.reporters.JUnitReportReporter -->
<testsuite hostname="DESKTOP-RE3DM9I" failures="0" tests="2" name="Testcases.ECardsPageTest" time="199.894" errors="0" timestamp="2021-06-23T15:47:33 IST" skipped="1">
  <testcase classname="Testcases.ECardsPageTest" name="DownloadECardTest" time="199.894"/>
  <testcase classname="Testcases.ECardsPageTest" name="ShareECardTest">
    <skipped/>
  </testcase> <!-- ShareECardTest -->
</testsuite> <!-- Testcases.ECardsPageTest -->
