<?xml version="1.0" encoding="UTF-8"?>
<!-- Generated by org.testng.reporters.JUnitReportReporter -->
<testsuite hostname="DESKTOP-RE3DM9I" failures="0" tests="2" name="Testcases.SetUpUPIandBankDetailsTest" time="400.054" errors="0" timestamp="2021-04-14T17:20:58 IST" skipped="0">
  <testcase classname="Testcases.SetUpUPIandBankDetailsTest" name="SetInClinicTimingsTest" time="196.690"/>
  <testcase classname="Testcases.SetUpUPIandBankDetailsTest" name="SetUPIdetailsTest" time="203.364"/>
</testsuite> <!-- Testcases.SetUpUPIandBankDetailsTest -->
