<?xml version="1.0" encoding="UTF-8"?>
<!-- Generated by org.testng.reporters.JUnitReportReporter -->
<testsuite hostname="DESKTOP-RE3DM9I" failures="0" tests="3" name="Testcases.AboutPageTest" time="542.490" errors="0" timestamp="2021-04-14T17:20:58 IST" skipped="0">
  <testcase classname="Testcases.AboutPageTest" name="AboutDronaPageTest" time="174.964"/>
  <testcase classname="Testcases.AboutPageTest" name="PrivacyPolicyPageTest" time="197.095"/>
  <testcase classname="Testcases.AboutPageTest" name="TermsOfUsePageTest" time="170.431"/>
</testsuite> <!-- Testcases.AboutPageTest -->
