<?xml version="1.0" encoding="UTF-8"?>
<!-- Generated by org.testng.reporters.JUnitReportReporter -->
<testsuite hostname="DESKTOP-RE3DM9I" failures="0" tests="3" name="Testcases.ThreeDotPageTest" time="393.989" errors="0" timestamp="2021-07-12T15:40:19 IST" skipped="2">
  <testcase classname="Testcases.ThreeDotPageTest" name="RescheduleAnAppointment" time="393.989"/>
  <testcase classname="Testcases.ThreeDotPageTest" name="MarkAsNoShow">
    <skipped/>
  </testcase> <!-- MarkAsNoShow -->
  <testcase classname="Testcases.ThreeDotPageTest" name="CancelAnAppointment">
    <skipped/>
  </testcase> <!-- CancelAnAppointment -->
</testsuite> <!-- Testcases.ThreeDotPageTest -->
