<?xml version="1.0" encoding="UTF-8"?>
<!-- Generated by org.testng.reporters.JUnitReportReporter -->
<testsuite hostname="DESKTOP-RE3DM9I" failures="0" tests="4" name="Testcases.HelpPageTest" time="770.645" errors="0" timestamp="2021-04-14T17:20:58 IST" skipped="0">
  <testcase classname="Testcases.HelpPageTest" name="CallOurSupportPageTest" time="187.681"/>
  <testcase classname="Testcases.HelpPageTest" name="SendUsEmailPageTest" time="183.464"/>
  <testcase classname="Testcases.HelpPageTest" name="ViewAllFAQTest" time="199.659"/>
  <testcase classname="Testcases.HelpPageTest" name="SearchQuestionArticleTest" time="199.841"/>
</testsuite> <!-- Testcases.HelpPageTest -->
