<?xml version="1.0" encoding="UTF-8"?>
<!-- Generated by org.testng.reporters.JUnitReportReporter -->
<testsuite hostname="DESKTOP-RE3DM9I" failures="0" tests="2" name="Testcases.DoctorProfileDetailsTest" time="627.473" errors="0" timestamp="2021-04-05T14:35:57 IST" skipped="0">
  <testcase classname="Testcases.DoctorProfileDetailsTest" name="BasicDetailsTest" time="236.517"/>
  <testcase classname="Testcases.DoctorProfileDetailsTest" name="AdditionalInfoDetailsTest" time="390.956"/>
</testsuite> <!-- Testcases.DoctorProfileDetailsTest -->
