<?xml version="1.0" encoding="UTF-8"?>
<!-- Generated by org.testng.reporters.JUnitReportReporter -->
<testsuite hostname="DESKTOP-RE3DM9I" failures="0" tests="3" name="Testcases.AboutPageTest" time="488.534" errors="0" timestamp="2021-05-12T17:25:00 IST" skipped="0">
  <testcase classname="Testcases.AboutPageTest" name="AboutDronaPageTest" time="164.944"/>
  <testcase classname="Testcases.AboutPageTest" name="PrivacyPolicyPageTest" time="161.948"/>
  <testcase classname="Testcases.AboutPageTest" name="TermsOfUsePageTest" time="161.642"/>
</testsuite> <!-- Testcases.AboutPageTest -->
