<?xml version="1.0" encoding="UTF-8"?>
<!-- Generated by org.testng.reporters.JUnitReportReporter -->
<testsuite hostname="DESKTOP-RE3DM9I" failures="0" tests="4" name="Testcases.HelpPageTest" time="229.875" errors="0" timestamp="2021-05-12T15:19:30 IST" skipped="3">
  <testcase classname="Testcases.HelpPageTest" name="SearchQuestionArticleTest" time="229.875"/>
  <testcase classname="Testcases.HelpPageTest" name="SendUsEmailPageTest">
    <skipped/>
  </testcase> <!-- SendUsEmailPageTest -->
  <testcase classname="Testcases.HelpPageTest" name="CallOurSupportPageTest">
    <skipped/>
  </testcase> <!-- CallOurSupportPageTest -->
  <testcase classname="Testcases.HelpPageTest" name="ViewAllFAQTest">
    <skipped/>
  </testcase> <!-- ViewAllFAQTest -->
</testsuite> <!-- Testcases.HelpPageTest -->
