<?xml version="1.0" encoding="UTF-8"?>
<!-- Generated by org.testng.reporters.JUnitReportReporter -->
<testsuite hostname="DESKTOP-RE3DM9I" failures="0" tests="1" name="Testcases.AddInClinicAppointmentTest" time="264.156" errors="0" timestamp="2021-05-12T17:16:12 IST" skipped="0">
  <testcase classname="Testcases.AddInClinicAppointmentTest" name="SetInClinicTimingsTest" time="264.156"/>
</testsuite> <!-- Testcases.AddInClinicAppointmentTest -->
