<?xml version="1.0" encoding="UTF-8"?>
<!-- Generated by org.testng.reporters.JUnitReportReporter -->
<testsuite hostname="DESKTOP-RE3DM9I" failures="0" tests="1" name="Testcases.MedicalHistoryPageTest" time="359.164" errors="0" timestamp="2021-05-27T17:05:56 IST" skipped="0">
  <testcase classname="Testcases.MedicalHistoryPageTest" name="AddMedicalHistoryTest" time="359.164"/>
</testsuite> <!-- Testcases.MedicalHistoryPageTest -->
