<?xml version="1.0" encoding="UTF-8"?>
<!-- Generated by org.testng.reporters.JUnitReportReporter -->
<testsuite hostname="DESKTOP-RE3DM9I" failures="0" tests="2" name="Testcases.SetUpUPIandBankDetailsTest" time="413.166" errors="0" timestamp="2021-04-13T14:12:19 IST" skipped="0">
  <testcase classname="Testcases.SetUpUPIandBankDetailsTest" name="SetInClinicTimingsTest" time="218.012"/>
  <testcase classname="Testcases.SetUpUPIandBankDetailsTest" name="SetUPIdetailsTest" time="195.154"/>
</testsuite> <!-- Testcases.SetUpUPIandBankDetailsTest -->
