<?xml version="1.0" encoding="UTF-8"?>
<!-- Generated by org.testng.reporters.JUnitReportReporter -->
<testsuite hostname="DESKTOP-RE3DM9I" failures="0" tests="1" name="Testcases.LoginPageTest" time="115.012" errors="0" timestamp="2021-03-16T19:26:28 IST" skipped="0">
  <testcase classname="Testcases.LoginPageTest" name="loginMobileNumberTest" time="115.012"/>
</testsuite> <!-- Testcases.LoginPageTest -->
