<?xml version="1.0" encoding="UTF-8"?>
<!-- Generated by org.testng.reporters.JUnitReportReporter -->
<testsuite hostname="DESKTOP-RE3DM9I" failures="0" tests="1" name="Testcases.MessagePageTest" time="241.790" errors="0" timestamp="2021-04-14T14:52:25 IST" skipped="0">
  <testcase classname="Testcases.MessagePageTest" name="SendEmailInMessageSection" time="241.790"/>
</testsuite> <!-- Testcases.MessagePageTest -->
