<?xml version="1.0" encoding="UTF-8"?>
<!-- Generated by org.testng.reporters.JUnitReportReporter -->
<testsuite hostname="DESKTOP-RE3DM9I" failures="0" tests="2" name="Testcases.CommunityPageTest" time="285.868" errors="0" timestamp="2021-05-31T15:39:55 IST" skipped="1">
  <testcase classname="Testcases.CommunityPageTest" name="SavedPostLikeCommentShareAndUnSave" time="285.868"/>
  <testcase classname="Testcases.CommunityPageTest" name="PickTopicsToShow">
    <skipped/>
  </testcase> <!-- PickTopicsToShow -->
</testsuite> <!-- Testcases.CommunityPageTest -->
