<?xml version="1.0" encoding="UTF-8"?>
<!-- Generated by org.testng.reporters.JUnitReportReporter -->
<testsuite hostname="DESKTOP-RE3DM9I" failures="0" tests="3" name="Testcases.NotificationTest" time="639.193" errors="0" timestamp="2021-05-12T13:07:07 IST" skipped="0">
  <testcase classname="Testcases.NotificationTest" name="UnreadNotification" time="195.347"/>
  <testcase classname="Testcases.NotificationTest" name="MarkAllNotificationAsRead" time="216.138"/>
  <testcase classname="Testcases.NotificationTest" name="SelectNotification" time="227.708"/>
</testsuite> <!-- Testcases.NotificationTest -->
