<?xml version="1.0" encoding="UTF-8"?>
<!-- Generated by org.testng.reporters.JUnitReportReporter -->
<testsuite hostname="DESKTOP-RE3DM9I" failures="0" tests="3" name="Testcases.AddPatientPageTest" time="237.080" errors="0" timestamp="2021-03-17T20:25:24 IST" skipped="2">
  <testcase classname="Testcases.AddPatientPageTest" name="patientCreatedByAddPatientBtn" time="237.080"/>
  <testcase classname="Testcases.AddPatientPageTest" name="verifyStateReflectAsPerPinCode">
    <skipped/>
  </testcase> <!-- verifyStateReflectAsPerPinCode -->
  <testcase classname="Testcases.AddPatientPageTest" name="verifyCityReflectAsPerPinCode">
    <skipped/>
  </testcase> <!-- verifyCityReflectAsPerPinCode -->
</testsuite> <!-- Testcases.AddPatientPageTest -->
