<?xml version="1.0" encoding="UTF-8"?>
<!-- Generated by org.testng.reporters.JUnitReportReporter -->
<testsuite hostname="DESKTOP-RE3DM9I" failures="0" tests="2" name="Testcases.SetUpUPIandBankDetailsTest" time="447.007" errors="0" timestamp="2021-05-12T12:55:28 IST" skipped="0">
  <testcase classname="Testcases.SetUpUPIandBankDetailsTest" name="SetInClinicTimingsTest" time="229.537"/>
  <testcase classname="Testcases.SetUpUPIandBankDetailsTest" name="SetUPIdetailsTest" time="217.470"/>
</testsuite> <!-- Testcases.SetUpUPIandBankDetailsTest -->
