<?xml version="1.0" encoding="UTF-8"?>
<!-- Generated by org.testng.reporters.JUnitReportReporter -->
<testsuite hostname="DESKTOP-RE3DM9I" failures="0" tests="1" name="Testcases.AddVirtualConsultationTest" time="232.364" errors="0" timestamp="2021-03-31T16:30:48 IST" skipped="0">
  <testcase classname="Testcases.AddVirtualConsultationTest" name="SetVirtualConsultationTimingsTest" time="232.364"/>
</testsuite> <!-- Testcases.AddVirtualConsultationTest -->
