<?xml version="1.0" encoding="UTF-8"?>
<!-- Generated by org.testng.reporters.JUnitReportReporter -->
<testsuite hostname="DESKTOP-RE3DM9I" failures="0" tests="1" name="Testcases.ChangePasswordTest" time="188.321" errors="0" timestamp="2021-06-28T18:21:54 IST" skipped="0">
  <testcase classname="Testcases.ChangePasswordTest" name="ChangePasswordForUser" time="188.321"/>
</testsuite> <!-- Testcases.ChangePasswordTest -->
