<?xml version="1.0" encoding="UTF-8"?>
<!-- Generated by org.testng.reporters.JUnitReportReporter -->
<testsuite hostname="DESKTOP-RE3DM9I" failures="0" tests="1" name="Testcases.AddVirtualConsultationTest" time="265.132" errors="0" timestamp="2021-05-12T16:43:09 IST" skipped="0">
  <testcase classname="Testcases.AddVirtualConsultationTest" name="SetVirtualConsultationTimingsTest" time="265.132"/>
</testsuite> <!-- Testcases.AddVirtualConsultationTest -->
