<?xml version="1.0" encoding="UTF-8"?>
<!-- Generated by org.testng.reporters.JUnitReportReporter -->
<testsuite hostname="DESKTOP-RE3DM9I" failures="0" tests="1" name="Testcases.CommunityPageTest" time="177.402" errors="0" timestamp="2021-05-12T17:38:43 IST" skipped="0">
  <testcase classname="Testcases.CommunityPageTest" name="PickTopicsToShow" time="177.402"/>
</testsuite> <!-- Testcases.CommunityPageTest -->
